# JRE version: Java(TM) SE Runtime Environment (7.0_60-b19) (build 1.7.0_60-b19)
# Java VM: Java HotSpot(TM) 64-Bit Server VM (24.60-b09 mixed mode bsd-amd64 compressed oops)
Heap
 PSYoungGen      total 145408K, used 96102K [0x00000007f5500000, 0x0000000800000000, 0x0000000800000000)
  eden space 120832K, 59% used [0x00000007f5500000,0x00000007f9aded10,0x00000007fcb00000)
  from space 24576K, 99% used [0x00000007fcb00000,0x00000007fe2fab20,0x00000007fe300000)
  to   space 29696K, 0% used [0x00000007fe300000,0x00000007fe300000,0x0000000800000000)
 ParOldGen       total 164864K, used 104490K [0x00000007e0000000, 0x00000007ea100000, 0x00000007f5500000)
  object space 164864K, 63% used [0x00000007e0000000,0x00000007e660aba8,0x00000007ea100000)
 PSPermGen       total 123904K, used 93927K [0x00000007d0000000, 0x00000007d7900000, 0x00000007e0000000)
  object space 123904K, 75% used [0x00000007d0000000,0x00000007d5bb9d88,0x00000007d7900000)
GC Heap History (10 events):
Event: 84.535 GC heap before
{Heap before GC invocations=89 (full 2):
 PSYoungGen      total 148992K, used 139327K [0x00000007f5500000, 0x00000007ffd80000, 0x0000000800000000)
  eden space 128512K, 100% used [0x00000007f5500000,0x00000007fd280000,0x00000007fd280000)
  from space 20480K, 52% used [0x00000007fe980000,0x00000007ff40fc50,0x00000007ffd80000)
  to   space 22016K, 0% used [0x00000007fd280000,0x00000007fd280000,0x00000007fe800000)
 ParOldGen       total 164864K, used 104260K [0x00000007e0000000, 0x00000007ea100000, 0x00000007f5500000)
  object space 164864K, 63% used [0x00000007e0000000,0x00000007e65d1300,0x00000007ea100000)
 PSPermGen       total 123904K, used 83845K [0x00000007d0000000, 0x00000007d7900000, 0x00000007e0000000)
  object space 123904K, 67% used [0x00000007d0000000,0x00000007d51e1668,0x00000007d7900000)
Event: 84.569 GC heap after
Heap after GC invocations=89 (full 2):
 PSYoungGen      total 150528K, used 15653K [0x00000007f5500000, 0x0000000800000000, 0x0000000800000000)
  eden space 128512K, 0% used [0x00000007f5500000,0x00000007f5500000,0x00000007fd280000)
  from space 22016K, 71% used [0x00000007fd280000,0x00000007fe1c96e0,0x00000007fe800000)
  to   space 22528K, 0% used [0x00000007fea00000,0x00000007fea00000,0x0000000800000000)
 ParOldGen       total 164864K, used 104260K [0x00000007e0000000, 0x00000007ea100000, 0x00000007f5500000)
  object space 164864K, 63% used [0x00000007e0000000,0x00000007e65d1300,0x00000007ea100000)
 PSPermGen       total 123904K, used 83845K [0x00000007d0000000, 0x00000007d7900000, 0x00000007e0000000)
  object space 123904K, 67% used [0x00000007d0000000,0x00000007d51e1668,0x00000007d7900000)
}
Event: 85.600 GC heap before
{Heap before GC invocations=90 (full 2):
 PSYoungGen      total 150528K, used 144165K [0x00000007f5500000, 0x0000000800000000, 0x0000000800000000)
  eden space 128512K, 100% used [0x00000007f5500000,0x00000007fd280000,0x00000007fd280000)
  from space 22016K, 71% used [0x00000007fd280000,0x00000007fe1c96e0,0x00000007fe800000)
  to   space 22528K, 0% used [0x00000007fea00000,0x00000007fea00000,0x0000000800000000)
 ParOldGen       total 164864K, used 104260K [0x00000007e0000000, 0x00000007ea100000, 0x00000007f5500000)
  object space 164864K, 63% used [0x00000007e0000000,0x00000007e65d1300,0x00000007ea100000)
 PSPermGen       total 123904K, used 84716K [0x00000007d0000000, 0x00000007d7900000, 0x00000007e0000000)
  object space 123904K, 68% used [0x00000007d0000000,0x00000007d52bb258,0x00000007d7900000)
Event: 85.611 GC heap after
Heap after GC invocations=90 (full 2):
 PSYoungGen      total 151552K, used 15010K [0x00000007f5500000, 0x0000000800000000, 0x0000000800000000)
  eden space 129024K, 0% used [0x00000007f5500000,0x00000007f5500000,0x00000007fd300000)
  from space 22528K, 66% used [0x00000007fea00000,0x00000007ff8a89a0,0x0000000800000000)
  to   space 23040K, 0% used [0x00000007fd300000,0x00000007fd300000,0x00000007fe980000)
 ParOldGen       total 164864K, used 104260K [0x00000007e0000000, 0x00000007ea100000, 0x00000007f5500000)
  object space 164864K, 63% used [0x00000007e0000000,0x00000007e65d1300,0x00000007ea100000)
 PSPermGen       total 123904K, used 84716K [0x00000007d0000000, 0x00000007d7900000, 0x00000007e0000000)
  object space 123904K, 68% used [0x00000007d0000000,0x00000007d52bb258,0x00000007d7900000)
}
Event: 86.859 GC heap before
{Heap before GC invocations=91 (full 2):
 PSYoungGen      total 151552K, used 144034K [0x00000007f5500000, 0x0000000800000000, 0x0000000800000000)
  eden space 129024K, 100% used [0x00000007f5500000,0x00000007fd300000,0x00000007fd300000)
  from space 22528K, 66% used [0x00000007fea00000,0x00000007ff8a89a0,0x0000000800000000)
  to   space 23040K, 0% used [0x00000007fd300000,0x00000007fd300000,0x00000007fe980000)
 ParOldGen       total 164864K, used 104260K [0x00000007e0000000, 0x00000007ea100000, 0x00000007f5500000)
  object space 164864K, 63% used [0x00000007e0000000,0x00000007e65d1300,0x00000007ea100000)
 PSPermGen       total 123904K, used 86105K [0x00000007d0000000, 0x00000007d7900000, 0x00000007e0000000)
  object space 123904K, 69% used [0x00000007d0000000,0x00000007d5416630,0x00000007d7900000)
Event: 86.889 GC heap after
Heap after GC invocations=91 (full 2):
 PSYoungGen      total 147456K, used 18256K [0x00000007f5500000, 0x0000000800000000, 0x0000000800000000)
  eden space 129024K, 0% used [0x00000007f5500000,0x00000007f5500000,0x00000007fd300000)
  from space 18432K, 99% used [0x00000007fd300000,0x00000007fe4d41d0,0x00000007fe500000)
  to   space 24576K, 0% used [0x00000007fe800000,0x00000007fe800000,0x0000000800000000)
 ParOldGen       total 164864K, used 104260K [0x00000007e0000000, 0x00000007ea100000, 0x00000007f5500000)
  object space 164864K, 63% used [0x00000007e0000000,0x00000007e65d1300,0x00000007ea100000)
 PSPermGen       total 123904K, used 86105K [0x00000007d0000000, 0x00000007d7900000, 0x00000007e0000000)
  object space 123904K, 69% used [0x00000007d0000000,0x00000007d5416630,0x00000007d7900000)
}
Event: 89.548 GC heap before
{Heap before GC invocations=92 (full 2):
 PSYoungGen      total 147456K, used 147280K [0x00000007f5500000, 0x0000000800000000, 0x0000000800000000)
  eden space 129024K, 100% used [0x00000007f5500000,0x00000007fd300000,0x00000007fd300000)
  from space 18432K, 99% used [0x00000007fd300000,0x00000007fe4d41d0,0x00000007fe500000)
  to   space 24576K, 0% used [0x00000007fe800000,0x00000007fe800000,0x0000000800000000)
 ParOldGen       total 164864K, used 104260K [0x00000007e0000000, 0x00000007ea100000, 0x00000007f5500000)
  object space 164864K, 63% used [0x00000007e0000000,0x00000007e65d1300,0x00000007ea100000)
 PSPermGen       total 123904K, used 89817K [0x00000007d0000000, 0x00000007d7900000, 0x00000007e0000000)
  object space 123904K, 72% used [0x00000007d0000000,0x00000007d57b66b0,0x00000007d7900000)
Event: 89.573 GC heap after
Heap after GC invocations=92 (full 2):
 PSYoungGen      total 145408K, used 22386K [0x00000007f5500000, 0x0000000800000000, 0x0000000800000000)
  eden space 120832K, 0% used [0x00000007f5500000,0x00000007f5500000,0x00000007fcb00000)
  from space 24576K, 91% used [0x00000007fe800000,0x00000007ffddc848,0x0000000800000000)
  to   space 27136K, 0% used [0x00000007fcb00000,0x00000007fcb00000,0x00000007fe580000)
 ParOldGen       total 164864K, used 104276K [0x00000007e0000000, 0x00000007ea100000, 0x00000007f5500000)
  object space 164864K, 63% used [0x00000007e0000000,0x00000007e65d5300,0x00000007ea100000)
 PSPermGen       total 123904K, used 89817K [0x00000007d0000000, 0x00000007d7900000, 0x00000007e0000000)
  object space 123904K, 72% used [0x00000007d0000000,0x00000007d57b66b0,0x00000007d7900000)
}
Event: 272.430 GC heap before
{Heap before GC invocations=93 (full 2):
 PSYoungGen      total 145408K, used 143218K [0x00000007f5500000, 0x0000000800000000, 0x0000000800000000)
  eden space 120832K, 100% used [0x00000007f5500000,0x00000007fcb00000,0x00000007fcb00000)
  from space 24576K, 91% used [0x00000007fe800000,0x00000007ffddc848,0x0000000800000000)
  to   space 27136K, 0% used [0x00000007fcb00000,0x00000007fcb00000,0x00000007fe580000)
 ParOldGen       total 164864K, used 104276K [0x00000007e0000000, 0x00000007ea100000, 0x00000007f5500000)
  object space 164864K, 63% used [0x00000007e0000000,0x00000007e65d5300,0x00000007ea100000)
 PSPermGen       total 123904K, used 93523K [0x00000007d0000000, 0x00000007d7900000, 0x00000007e0000000)
  object space 123904K, 75% used [0x00000007d0000000,0x00000007d5b54fa8,0x00000007d7900000)
Event: 272.465 GC heap after
Heap after GC invocations=93 (full 2):
 PSYoungGen      total 145408K, used 24554K [0x00000007f5500000, 0x0000000800000000, 0x0000000800000000)
  eden space 120832K, 0% used [0x00000007f5500000,0x00000007f5500000,0x00000007fcb00000)
  from space 24576K, 99% used [0x00000007fcb00000,0x00000007fe2fab20,0x00000007fe300000)
  to   space 29696K, 0% used [0x00000007fe300000,0x00000007fe300000,0x0000000800000000)
 ParOldGen       total 164864K, used 104490K [0x00000007e0000000, 0x00000007ea100000, 0x00000007f5500000)
  object space 164864K, 63% used [0x00000007e0000000,0x00000007e660aba8,0x00000007ea100000)
 PSPermGen       total 123904K, used 93523K [0x00000007d0000000, 0x00000007d7900000, 0x00000007e0000000)
  object space 123904K, 75% used [0x00000007d0000000,0x00000007d5b54fa8,0x00000007d7900000)
}

