# JRE version: 7.0_09-b05
# Java VM: Java HotSpot(TM) 64-Bit Server VM (23.5-b02 mixed mode bsd-amd64 compressed oops)
Heap
 PSYoungGen      total 141824K, used 91101K [0x000000012a620000, 0x0000000134f40000, 0x00000001350c0000)
  eden space 123904K, 67% used [0x000000012a620000,0x000000012f7cf450,0x0000000131f20000)
  from space 17920K, 41% used [0x0000000131f20000,0x0000000132668000,0x00000001330a0000)
  to   space 17408K, 0% used [0x0000000133e40000,0x0000000133e40000,0x0000000134f40000)
 ParOldGen       total 297152K, used 249490K [0x00000001150c0000, 0x00000001272f0000, 0x000000012a620000)
  object space 297152K, 83% used [0x00000001150c0000,0x0000000124464a98,0x00000001272f0000)
 PSPermGen       total 166464K, used 106954K [0x00000001050c0000, 0x000000010f350000, 0x00000001150c0000)
  object space 166464K, 64% used [0x00000001050c0000,0x000000010b932a50,0x000000010f350000)
GC Heap History (10 events):
Event: 980.659 GC heap before
{Heap before GC invocations=337 (full 10):
 PSYoungGen      total 149312K, used 130802K [0x000000012a620000, 0x0000000134bc0000, 0x00000001350c0000)
  eden space 128640K, 100% used [0x000000012a620000,0x00000001323c0000,0x00000001323c0000)
  from space 20672K, 10% used [0x0000000133790000,0x00000001339acbd0,0x0000000134bc0000)
  to   space 20288K, 0% used [0x00000001323c0000,0x00000001323c0000,0x0000000133790000)
 ParOldGen       total 297152K, used 249490K [0x00000001150c0000, 0x00000001272f0000, 0x000000012a620000)
  object space 297152K, 83% used [0x00000001150c0000,0x0000000124464a98,0x00000001272f0000)
 PSPermGen       total 166464K, used 106859K [0x00000001050c0000, 0x000000010f350000, 0x00000001150c0000)
  object space 166464K, 64% used [0x00000001050c0000,0x000000010b91aca8,0x000000010f350000)
Event: 980.668 GC heap after
Heap after GC invocations=337 (full 10):
 PSYoungGen      total 148928K, used 5793K [0x000000012a620000, 0x0000000134e30000, 0x00000001350c0000)
  eden space 128640K, 0% used [0x000000012a620000,0x000000012a620000,0x00000001323c0000)
  from space 20288K, 28% used [0x00000001323c0000,0x00000001329685d0,0x0000000133790000)
  to   space 19200K, 0% used [0x0000000133b70000,0x0000000133b70000,0x0000000134e30000)
 ParOldGen       total 297152K, used 249490K [0x00000001150c0000, 0x00000001272f0000, 0x000000012a620000)
  object space 297152K, 83% used [0x00000001150c0000,0x0000000124464a98,0x00000001272f0000)
 PSPermGen       total 166464K, used 106859K [0x00000001050c0000, 0x000000010f350000, 0x00000001150c0000)
  object space 166464K, 64% used [0x00000001050c0000,0x000000010b91aca8,0x000000010f350000)
}
Event: 1016.545 GC heap before
{Heap before GC invocations=338 (full 10):
 PSYoungGen      total 148928K, used 134433K [0x000000012a620000, 0x0000000134e30000, 0x00000001350c0000)
  eden space 128640K, 100% used [0x000000012a620000,0x00000001323c0000,0x00000001323c0000)
  from space 20288K, 28% used [0x00000001323c0000,0x00000001329685d0,0x0000000133790000)
  to   space 19200K, 0% used [0x0000000133b70000,0x0000000133b70000,0x0000000134e30000)
 ParOldGen       total 297152K, used 249490K [0x00000001150c0000, 0x00000001272f0000, 0x000000012a620000)
  object space 297152K, 83% used [0x00000001150c0000,0x0000000124464a98,0x00000001272f0000)
 PSPermGen       total 166464K, used 106880K [0x00000001050c0000, 0x000000010f350000, 0x00000001150c0000)
  object space 166464K, 64% used [0x00000001050c0000,0x000000010b920060,0x000000010f350000)
Event: 1016.556 GC heap after
Heap after GC invocations=338 (full 10):
 PSYoungGen      total 149696K, used 7025K [0x000000012a620000, 0x0000000134c10000, 0x00000001350c0000)
  eden space 132672K, 0% used [0x000000012a620000,0x000000012a620000,0x00000001327b0000)
  from space 17024K, 41% used [0x0000000133b70000,0x000000013424c600,0x0000000134c10000)
  to   space 18624K, 0% used [0x00000001327b0000,0x00000001327b0000,0x00000001339e0000)
 ParOldGen       total 297152K, used 249490K [0x00000001150c0000, 0x00000001272f0000, 0x000000012a620000)
  object space 297152K, 83% used [0x00000001150c0000,0x0000000124464a98,0x00000001272f0000)
 PSPermGen       total 166464K, used 106880K [0x00000001050c0000, 0x000000010f350000, 0x00000001150c0000)
  object space 166464K, 64% used [0x00000001050c0000,0x000000010b920060,0x000000010f350000)
}
Event: 229850.815 GC heap before
{Heap before GC invocations=339 (full 10):
 PSYoungGen      total 149696K, used 139697K [0x000000012a620000, 0x0000000134c10000, 0x00000001350c0000)
  eden space 132672K, 100% used [0x000000012a620000,0x00000001327b0000,0x00000001327b0000)
  from space 17024K, 41% used [0x0000000133b70000,0x000000013424c600,0x0000000134c10000)
  to   space 18624K, 0% used [0x00000001327b0000,0x00000001327b0000,0x00000001339e0000)
 ParOldGen       total 297152K, used 249490K [0x00000001150c0000, 0x00000001272f0000, 0x000000012a620000)
  object space 297152K, 83% used [0x00000001150c0000,0x0000000124464a98,0x00000001272f0000)
 PSPermGen       total 166464K, used 106927K [0x00000001050c0000, 0x000000010f350000, 0x00000001150c0000)
  object space 166464K, 64% used [0x00000001050c0000,0x000000010b92bed8,0x000000010f350000)
Event: 229850.826 GC heap after
Heap after GC invocations=339 (full 10):
 PSYoungGen      total 135872K, used 7664K [0x000000012a620000, 0x00000001346f0000, 0x00000001350c0000)
  eden space 128192K, 0% used [0x000000012a620000,0x000000012a620000,0x0000000132350000)
  from space 7680K, 99% used [0x00000001327b0000,0x0000000132f2c3c0,0x0000000132f30000)
  to   space 18240K, 0% used [0x0000000133520000,0x0000000133520000,0x00000001346f0000)
 ParOldGen       total 297152K, used 249490K [0x00000001150c0000, 0x00000001272f0000, 0x000000012a620000)
  object space 297152K, 83% used [0x00000001150c0000,0x0000000124464a98,0x00000001272f0000)
 PSPermGen       total 166464K, used 106927K [0x00000001050c0000, 0x000000010f350000, 0x00000001150c0000)
  object space 166464K, 64% used [0x00000001050c0000,0x000000010b92bed8,0x000000010f350000)
}
Event: 229851.268 GC heap before
{Heap before GC invocations=340 (full 10):
 PSYoungGen      total 135872K, used 135856K [0x000000012a620000, 0x00000001346f0000, 0x00000001350c0000)
  eden space 128192K, 100% used [0x000000012a620000,0x0000000132350000,0x0000000132350000)
  from space 7680K, 99% used [0x00000001327b0000,0x0000000132f2c3c0,0x0000000132f30000)
  to   space 18240K, 0% used [0x0000000133520000,0x0000000133520000,0x00000001346f0000)
 ParOldGen       total 297152K, used 249490K [0x00000001150c0000, 0x00000001272f0000, 0x000000012a620000)
  object space 297152K, 83% used [0x00000001150c0000,0x0000000124464a98,0x00000001272f0000)
 PSPermGen       total 166464K, used 106954K [0x00000001050c0000, 0x000000010f350000, 0x00000001150c0000)
  object space 166464K, 64% used [0x00000001050c0000,0x000000010b932a50,0x000000010f350000)
Event: 229851.279 GC heap after
Heap after GC invocations=340 (full 10):
 PSYoungGen      total 137216K, used 7861K [0x000000012a620000, 0x0000000134220000, 0x00000001350c0000)
  eden space 123904K, 0% used [0x000000012a620000,0x000000012a620000,0x0000000131f20000)
  from space 13312K, 59% used [0x0000000133520000,0x0000000133ccd700,0x0000000134220000)
  to   space 17920K, 0% used [0x0000000131f20000,0x0000000131f20000,0x00000001330a0000)
 ParOldGen       total 297152K, used 249490K [0x00000001150c0000, 0x00000001272f0000, 0x000000012a620000)
  object space 297152K, 83% used [0x00000001150c0000,0x0000000124464a98,0x00000001272f0000)
 PSPermGen       total 166464K, used 106954K [0x00000001050c0000, 0x000000010f350000, 0x00000001150c0000)
  object space 166464K, 64% used [0x00000001050c0000,0x000000010b932a50,0x000000010f350000)
}
Event: 229851.377 GC heap before
{Heap before GC invocations=341 (full 10):
 PSYoungGen      total 137216K, used 131765K [0x000000012a620000, 0x0000000134220000, 0x00000001350c0000)
  eden space 123904K, 100% used [0x000000012a620000,0x0000000131f20000,0x0000000131f20000)
  from space 13312K, 59% used [0x0000000133520000,0x0000000133ccd700,0x0000000134220000)
  to   space 17920K, 0% used [0x0000000131f20000,0x0000000131f20000,0x00000001330a0000)
 ParOldGen       total 297152K, used 249490K [0x00000001150c0000, 0x00000001272f0000, 0x000000012a620000)
  object space 297152K, 83% used [0x00000001150c0000,0x0000000124464a98,0x00000001272f0000)
 PSPermGen       total 166464K, used 106954K [0x00000001050c0000, 0x000000010f350000, 0x00000001150c0000)
  object space 166464K, 64% used [0x00000001050c0000,0x000000010b932a50,0x000000010f350000)
Event: 229851.387 GC heap after
Heap after GC invocations=341 (full 10):
 PSYoungGen      total 141824K, used 7456K [0x000000012a620000, 0x0000000134f40000, 0x00000001350c0000)
  eden space 123904K, 0% used [0x000000012a620000,0x000000012a620000,0x0000000131f20000)
  from space 17920K, 41% used [0x0000000131f20000,0x0000000132668000,0x00000001330a0000)
  to   space 17408K, 0% used [0x0000000133e40000,0x0000000133e40000,0x0000000134f40000)
 ParOldGen       total 297152K, used 249490K [0x00000001150c0000, 0x00000001272f0000, 0x000000012a620000)
  object space 297152K, 83% used [0x00000001150c0000,0x0000000124464a98,0x00000001272f0000)
 PSPermGen       total 166464K, used 106954K [0x00000001050c0000, 0x000000010f350000, 0x00000001150c0000)
  object space 166464K, 64% used [0x00000001050c0000,0x000000010b932a50,0x000000010f350000)
}

